

 06        0.0617 0.10525   7.702 1.5597E-06  2.773 117.09
 09        0.1043 0.12671   0.410 2.3046E-06  6.876  13.39
 21        0.1577 0.08480   1.797 2.0395E-06  6.825  74.57
 20        0.2462 0.06043   3.165 2.9474E-06  7.304  62.96
 28        0.3786 0.02934   3.741 3.1123E-06  7.233  47.20
 30        0.5466 0.05854   0.910 4.0807E-06  6.682  89.95
 291       0.6824 0.31294   8.892 3.6019E-08  0.000   8.89
 348       0.7043 0.27693  16.954 7.1989E-08  0.000  16.95
 362       0.7147 0.15023  20.202 8.0463E-08  0.000  20.20
 365       0.7440 0.17407  12.312 8.0463E-08  0.000  12.31
 34        0.8231 0.02956   2.788 1.8414E-06  6.422  30.85
 295       0.8910 0.23476  15.999 3.6019E-08  0.000  16.00
 363       0.9148 0.19806   9.516 8.0463E-08  0.000   9.52
 349       0.9184 0.20339  10.210 7.1989E-08  0.000  10.21
 329       0.9951 0.08287   2.141 6.2624E-08  0.000   2.14
 327       1.0531 0.29575  23.126 6.2624E-08  0.000  23.13
 36        1.0544 0.05620   5.913 1.2961E-06  3.846  62.69
 343       1.0927 0.15980  20.116 7.1989E-08  0.000  20.12
 332       1.1388 0.40465  12.845 4.5366E-08  0.000  12.84
 354       1.1866 0.21463  14.141 5.0449E-08  0.000  14.14
 357       1.2404 0.33486  12.382 5.0449E-08  0.000  12.38
 294       1.2492 0.68652  11.954 3.6019E-08  0.000  11.95
 359       1.3247 0.20707   7.219 5.0449E-08  0.000   7.22
 350       1.3456 0.50340   9.778 5.0449E-08  0.000   9.78
 356       1.3983 0.38856   9.042 5.0449E-08  0.000   9.04
 337       1.4196 0.44421  16.378 4.5366E-08  0.000  16.38
 361       1.4924 0.30520   8.296 8.0463E-08  0.000   8.30
 369       1.5054 0.29730  12.188 8.0463E-08  0.000  12.19
 341       1.5142 0.23561   9.968 7.1989E-08  0.000   9.97
 317       1.5274 0.23643  12.880 4.8941E-08  0.000  12.88
