


 05        0.0566 0.15103  11.017 8.6415E-07  1.143  53.73
 06        0.0778 0.15553   1.551 1.5591E-06  2.020  87.74
 14        0.1207 0.03413   3.200 2.0928E-06  3.857  47.95
 24        0.2047 0.02980   2.267 3.2465E-06  6.782  69.26
 20        0.2836 0.11675   2.843 1.2573E-06  6.244 105.00
 27        0.3876 0.04122   2.071 3.7529E-06  4.772 114.98
 32        0.5492 0.04283   4.313 2.3754E-06  4.977  81.61
 377       0.6247 0.04638   3.415 7.9809E-08  0.000   3.42
 331       0.7274 0.07975  10.852 5.1357E-08  0.000  10.85
 33        0.7338 0.01119   2.085 3.2284E-06  4.662  91.37
 356       0.7951 0.28198  14.505 7.4381E-08  0.000  14.50
 322       0.9022 0.36212  12.899 6.4105E-08  0.000  12.90
 325       0.9933 0.21459  28.253 6.4105E-08  0.000  28.25
 270       1.0133 0.43812  27.938 3.3496E-08  0.000  27.94
 36        1.0181 0.07613   2.811 7.4479E-07  4.524  89.94
 344       1.0349 0.15759  25.491 7.6053E-08  0.000  25.49
 370       1.1020 0.14003  15.176 7.9809E-08  0.000  15.18
 378       1.2119 0.12951  12.581 7.9809E-08  0.000  12.58
 342       1.2652 0.21345  11.060 7.6053E-08  0.000  11.06
 375       1.2816 0.58980   4.188 7.9809E-08  0.000   4.19
 368       1.3002 0.55113  17.490 5.5415E-08  0.000  17.49
 37        1.3248 0.03889   7.296 9.8873E-07  2.286  70.59
 324       1.4050 0.49550   5.759 6.4105E-08  0.000   5.76
 372       1.4180 0.33231  17.596 7.9809E-08  0.000  17.60
 352       1.4380 0.13945  23.349 7.4381E-08  0.000  23.35
 343       1.4830 0.45942  17.133 7.6053E-08  0.000  17.13
 362       1.5141 0.29275  11.009 5.5415E-08  0.000  11.01
 350       1.5948 0.19368   7.415 7.4381E-08  0.000   7.41
 360       1.6063 0.58713  16.342 5.5415E-08  0.000  16.34
 363       1.6780 0.34158   8.285 5.5415E-08  0.000   8.28
 351       1.7067 0.59184   7.657 7.4381E-08  0.000   7.66
