
 Time (years):   10000000.0000000

              a        e       i      mass    Rot/day  Obl

 e03        0.0690 0.07777   0.888 7.7704E-06  0.593 122.06
 e11        0.1548 0.17544  11.231 8.7021E-06  5.555 157.21
 e13        0.2539 0.03748   2.975 7.6147E-06  5.942   1.73
 e18        0.3795 0.07239   3.164 5.5747E-06  6.149  87.59
 e19        0.5519 0.09074   5.012 9.9536E-06  3.229  56.30
 p174       0.6724 0.37451  24.450 1.1528E-07  0.000  24.45
 e20        0.8678 0.03129   5.899 8.7191E-06  6.354   9.66
 p217       1.1576 0.35106  20.635 1.9805E-07  0.000  20.63
 p229       1.2729 0.11535  11.049 2.9360E-07  0.000  11.05
 p210       1.4018 0.14617  21.501 1.9805E-07  0.000  21.50
 p222       1.6534 0.36314   9.438 2.9360E-07  0.000   9.44
 p173       1.7846 0.40120  10.441 1.1528E-07  0.000  10.44
 p215       1.8314 0.32875   3.412 1.9805E-07  0.000   3.41
 p175       1.8602 0.52367  17.704 1.1528E-07  0.000  17.70
 p203       2.7173 0.62533  16.412 2.4738E-07  0.000  16.41
 p157       3.2698 0.88886  41.477 1.3114E-07  0.000  41.48
 p218       6.3318 0.86569   8.736 1.9805E-07  0.000   8.74
 p196       6.3458 0.85665   3.778 2.3804E-07  0.000   3.78
