
           Integration parameters
           ----------------------

   Algorithm: Hybrid symplectic integrator (mixed coordinates)

   Integration start epoch:               0.0000000 days 
   Integration stop  epoch:      3652500000.0000000
   Output interval:                  365250.000
   Output precision:                 medium

   Initial timestep:                0.500 days 
   Accuracy parameter:              1.0000E-12
   Central mass:                    1.0000E+00 solar masses
   J_2:                              0.0000E+00
   J_4:                              0.0000E+00
   J_6:                              0.0000E+00
   Ejection distance:               1.0000E+02 AU
   Radius of central body:          5.0000E-03 AU

   Includes collisions:                 yes
   Includes fragmentation:              no 
   Includes relativity:                 no 
   Includes user-defined force routine: no 

   Number of Big bodies:       31
   Number of Small bodies:    310


           Integration details
           -------------------

   Initial energy:           -2.04573E-08 solar masses AU^2 day^-2 
   Initial angular momentum:  3.25974E-07 solar masses AU^2 day^-1 

   Integrating massive bodies and particles up to the same epoch.

   Beginning the main integration.

 e02      was hit by p029     at           0.655 years
 e06      was hit by p062     at           0.773 years
 e16      was hit by p162     at           6.302 years
 e01      was hit by p011     at          12.204 years
 e00      was hit by p003     at          12.451 years
 e06      was hit by p068     at          14.527 years
 e06      was hit by p061     at          19.062 years
 e12      was hit by p122     at          20.884 years
 e05      was hit by p055     at          28.935 years
 e11      was hit by p110     at          39.971 years
 e18      was hit by p181     at          42.081 years
 e13      was hit by p134     at          47.828 years
 e02      was hit by p021     at          58.507 years
 e00      was hit by p004     at          60.808 years
 e02      was hit by p022     at          64.887 years
 e04      was hit by p040     at          68.839 years
 e02      was hit by p016     at         101.272 years
 e05      was hit by p045     at         122.869 years
 e11      was hit by p117     at         150.150 years
 e02      was hit by p025     at         158.075 years
 e03      was hit by p039     at         163.989 years
 e18      was hit by p185     at         165.512 years
 e19      was hit by p191     at         173.649 years
 e04      was hit by p056     at         188.246 years
 e01      was hit by p008     at         190.761 years
 e01      was hit by p015     at         252.046 years
 e05      was hit by p050     at         271.682 years
 e11      was hit by p118     at         291.591 years
 e05      was hit by p054     at         295.446 years
 e17      was hit by p178     at         314.713 years
 e07      was hit by p078     at         323.077 years
 e02      was hit by p026     at         389.321 years
 e02      was hit by p023     at         400.942 years
 e03      was hit by p032     at         439.313 years
 e05      was hit by p057     at         443.450 years
 e03      was hit by p034     at         446.025 years
 e00      was hit by p002     at         498.368 years
 e03      was hit by p036     at         526.195 years
 e01      was hit by p018     at         553.983 years
 e03      was hit by p033     at         564.628 years
 e05      was hit by p064     at         578.554 years
 e01      was hit by p009     at         604.592 years
 e04      was hit by p047     at         613.012 years
 e13      was hit by p131     at         634.979 years
 e10      was hit by p082     at         656.966 years
 e00      was hit by p010     at         657.374 years
 e03      was hit by p046     at         658.846 years
 e09      was hit by p080     at         678.059 years
 e15      was hit by p153     at         714.193 years
 e08      was hit by p081     at         731.368 years
 e10      was hit by p098     at         766.726 years
 e06      was hit by p067     at         792.751 years
 e02      was hit by p019     at         804.739 years
 e03      was hit by p038     at         810.940 years
 e05      was hit by p052     at         849.203 years
 e07      was hit by p093     at         873.658 years
 e08      was hit by p083     at         883.513 years
 e07      was hit by p071     at         888.578 years
 e07      was hit by p088     at         922.788 years
 e05      was hit by p051     at         937.100 years
 e13      was hit by p141     at         944.440 years
 e10      was hit by p095     at         947.423 years
 e02      was hit by p028     at         949.260 years
 e07      was hit by p089     at        1027.258 years
 e09      was hit by p092     at        1056.907 years
 e04      was hit by p037     at        1093.345 years
 e05      was hit by p059     at        1103.833 years
 e06      was hit by p074     at        1111.574 years
 e02      was hit by p020     at        1122.645 years
 e09      was hit by p099     at        1129.634 years
 e04      was hit by p043     at        1181.557 years
 e02      was hit by p030     at        1203.352 years
 e10      was hit by p085     at        1221.126 years
 e10      was hit by p108     at        1259.961 years
 e10      was hit by p106     at        1301.655 years
 e07      was hit by p069     at        1365.575 years
 e04      was hit by p042     at        1366.490 years
 e22      was hit by p218     at        1386.863 years
 e01      was hit by p035     at        1429.967 years
 e07      was hit by p076     at        1465.439 years
 e01      was hit by p027     at        1488.923 years
 e00      was hit by p007     at        1588.033 years
 e12      was hit by p125     at        1588.517 years
 e06      was hit by p060     at        1609.912 years
 e09      was hit by p075     at        1626.398 years
 e15      was hit by p148     at        1632.985 years
 e00      was hit by p013     at        1639.951 years
 e12      was hit by p112     at        1647.093 years
 e02      was hit by p014     at        1706.919 years
 e06      was hit by p053     at        1752.001 years
 e06      was hit by p058     at        1822.667 years
 e06      was hit by p077     at        1835.168 years
 e08      was hit by p087     at        1854.964 years
 e00      was hit by p001     at        1877.942 years
 e13      was hit by p146     at        1916.685 years
 e07      was hit by p070     at        1929.825 years
 e13      was hit by p140     at        1978.092 years
 e03      was hit by p024     at        1983.482 years
 e05      was hit by p079     at        1985.906 years
 e01      was hit by p012     at        2019.559 years
 e12      was hit by p100     at        2103.076 years
 e20      was hit by p203     at        2138.028 years
 e03      was hit by p044     at        2336.700 years
 e09      was hit by p049     at        2400.679 years
 e11      was hit by p094     at        2463.188 years
 e07      was hit by p090     at        2552.213 years
 e10      was hit by p091     at        2661.476 years
 e07      was hit by p072     at        2693.624 years
 e08      was hit by p096     at        2744.449 years
 e06      was hit by e05      at        2754.893 years
 e21      was hit by p227     at        2761.736 years
 e03      was hit by p063     at        2810.283 years
 e11      was hit by p130     at        2870.557 years
 e13      was hit by p120     at        3024.134 years
 e18      was hit by p173     at        3029.040 years
 e03      was hit by p048     at        3035.746 years
 e03      was hit by p031     at        3036.562 years
 e10      was hit by p097     at        3171.033 years
 e09      was hit by p065     at        3177.960 years
 e06      was hit by p066     at        3224.684 years
 e09      was hit by e08      at        3340.854 years
 e06      was hit by p073     at        3614.051 years
 e09      was hit by p101     at        3808.464 years
 e15      was hit by p133     at        4092.580 years
 e16      was hit by p164     at        4102.606 years
 e11      was hit by p119     at        4125.036 years
 e00      was hit by p006     at        4168.807 years
 e19      was hit by p183     at        4251.417 years
 e17      was hit by p187     at        4265.631 years
 e18      was hit by p196     at        4277.987 years
 e13      was hit by p124     at        4396.094 years
 e00      was hit by p017     at        4445.696 years
 e00      was hit by p005     at        4460.693 years
 e27      was hit by p269     at        4481.809 years
 e28      was hit by p288     at        4486.472 years
 e13      was hit by p138     at        4513.960 years
 e11      was hit by p126     at        4604.572 years
 e26      was hit by p276     at        4662.362 years
 e18      was hit by p188     at        4813.677 years
 e09      was hit by p084     at        4814.895 years
 e22      was hit by p224     at        5002.943 years
 e16      was hit by p151     at        5144.061 years
 e13      was hit by p150     at        5368.458 years
 e07      was hit by p121     at        5550.114 years
 e22      was hit by p222     at        5550.714 years
 e00      was hit by p000     at        5587.674 years
 e13      was hit by p127     at        5778.936 years
 e15      was hit by p158     at        5789.005 years
 e18      was hit by p195     at        6241.818 years
 e10      was hit by p103     at        6393.727 years
 e15      was hit by p155     at        6518.934 years
 e11      was hit by p149     at        6531.288 years
 e10      was hit by p136     at        6628.513 years
 e14      was hit by p142     at        6675.886 years
 e23      was hit by p223     at        6678.149 years
 e09      was hit by p105     at        7008.489 years
 e16      was hit by p166     at        7183.074 years
 e21      was hit by p217     at        7566.901 years
 e17      was hit by p198     at        7752.936 years
 e28      was hit by p292     at        7795.434 years
 e12      was hit by p113     at        8149.782 years
 e19      was hit by p170     at        8273.077 years
 e14      was hit by p159     at        8904.002 years
 e19      was hit by p204     at        8937.848 years
 e29      was hit by p306     at        8962.252 years
 e21      was hit by p200     at        9283.624 years
 e18      was hit by p193     at        9569.926 years
 e16      was hit by p156     at        9775.080 years
 e07      was hit by p109     at       10087.000 years
 e23      was hit by p234     at       10966.912 years
 e17      was hit by p179     at       11330.907 years
 e10      was hit by p111     at       11492.928 years
 e23      was hit by p230     at       11791.022 years
 e13      was hit by p180     at       12296.813 years
 e02      was hit by e01      at       12739.670 years
 e06      was hit by e04      at       12984.978 years
 e11      was hit by p129     at       13014.718 years
 e13      was hit by e14      at       13187.712 years
 e24      was hit by p232     at       13623.462 years
 e11      was hit by p128     at       13947.717 years
 e03      was hit by p041     at       14253.601 years
 e23      was hit by p201     at       14415.817 years
 e23      was hit by p240     at       15086.616 years
 e15      was hit by p132     at       15167.842 years
 e28      was hit by p277     at       15285.929 years
 e17      was hit by p214     at       15496.570 years
 e12      was hit by p143     at       15808.451 years
 e25      was hit by p254     at       16543.582 years
 e16      was hit by p184     at       17071.989 years
 e20      was hit by p219     at       18131.041 years
 e26      was hit by p262     at       18180.812 years
 e07      was hit by p107     at       18298.709 years
 e10      was hit by e12      at       18650.529 years
 e13      was hit by p147     at       19097.521 years
 e13      was hit by p139     at       20224.642 years
 e11      was hit by p104     at       20931.997 years
 e06      was hit by e07      at       21033.403 years
 e10      was hit by p114     at       21370.683 years
 e23      was hit by e24      at       21559.844 years
 e13      was hit by p116     at       21657.973 years
 e28      was hit by p268     at       22801.923 years
 e06      was hit by p086     at       24135.826 years
 e13      was hit by p145     at       27334.980 years
 e23      was hit by p225     at       29036.279 years
 e17      was hit by p186     at       30891.275 years
 e25      was hit by p253     at       31186.856 years
 e23      was hit by p249     at       32461.086 years
 e11      was hit by p115     at       33836.746 years
 e20      was hit by e19      at       33871.407 years
 e20      was hit by e17      at       35432.900 years
 e22      was hit by p206     at       35541.684 years
 e15      was hit by p157     at       35806.425 years
 e26      was hit by p256     at       36483.489 years
 e18      was hit by p176     at       39577.990 years
 e13      was hit by e16      at       40135.369 years
 e23      was hit by p236     at       40528.698 years
 e23      was hit by p247     at       41383.858 years
 e13      was hit by p137     at       41636.026 years
 e28      was hit by p271     at       43054.859 years
 e25      was hit by p287     at       43312.166 years
 e15      was hit by p160     at       44897.476 years
 e25      was hit by p263     at       45143.325 years
 e09      was hit by p123     at       49078.505 years
 e20      was hit by p175     at       50405.444 years
 e20      was hit by p171     at       50409.493 years
 e11      was hit by p102     at       52268.510 years
 e22      was hit by p211     at       53389.600 years
 e10      was hit by e11      at       54706.213 years
 e18      was hit by p207     at       55412.241 years
 e20      was hit by p229     at       58732.779 years
 e20      was hit by p205     at       60031.772 years
 e18      was hit by p161     at       61750.298 years
 e15      was hit by p144     at       62918.450 years
 e13      was hit by p135     at       65934.890 years
 e15      was hit by p154     at       65993.050 years
 e18      was hit by p172     at       67714.451 years
 e20      was hit by p220     at       83267.131 years
 e15      was hit by e18      at       93371.544 years
 e21      was hit by p212     at       94237.377 years
 e22      was hit by p199     at       95496.553 years
 e29      was hit by p279     at       97713.796 years
 e25      was hit by e26      at      105653.277 years
 e23      was hit by p189     at      109666.796 years
 e15      was hit by p177     at      111120.684 years
 e23      was hit by p257     at      113893.466 years
 e20      was hit by p165     at      114200.009 years
 e20      was hit by p210     at      114338.492 years
 e22      was hit by p233     at      115746.968 years
 e30      was hit by p294     at      120694.494 years
 e25      was hit by p264     at      126604.893 years
 e27      was hit by p301     at      132444.499 years
 e15      was hit by p190     at      133180.877 years
 e23      was hit by p215     at      133937.658 years
 e21      was hit by p244     at      137845.341 years
 e22      was hit by p213     at      143857.562 years
 e29      was hit by p299     at      146656.902 years
 e22      was hit by p242     at      149866.023 years
 e30      was hit by p252     at      153924.579 years
 e20      was hit by p169     at      155009.814 years
 e15      was hit by p168     at      158211.036 years
 e22      was hit by e21      at      160244.682 years
 e15      was hit by p208     at      175137.355 years
 e15      was hit by p221     at      176286.972 years
 e15      was hit by p216     at      185719.170 years
 e28      was hit by p272     at      215536.212 years
 e23      was hit by p281     at      216848.838 years
 e20      was hit by p182     at      234024.238 years
 e20      was hit by p226     at      237831.599 years
 e27      was hit by p284     at      260825.767 years
 e23      was hit by p241     at      265749.614 years
 e20      was hit by p167     at      274528.746 years
 e28      was hit by p297     at      281263.685 years
 e15      was hit by p266     at      281546.754 years
 e28      was hit by e27      at      289527.153 years
 e02      was hit by e03      at      293510.835 years
 e23      was hit by p194     at      326759.836 years
 e23      was hit by p174     at      348291.856 years
 e22      was hit by p274     at      361094.096 years
 e15      was hit by p238     at      364988.035 years
 e02      was hit by e00      at      366801.817 years
 e29      was hit by p243     at      374022.054 years
 e20      was hit by p231     at      403119.199 years
 e23      was hit by p245     at      424412.369 years
 e15      was hit by p209     at      450104.902 years
 e13      was hit by p192     at      473757.359 years
 e30      was hit by p282     at      486773.722 years
 e25      was hit by p265     at      495718.815 years
 e20      was hit by p152     at      515121.125 years
 e20      was hit by p248     at      531450.614 years
 e20      was hit by p235     at      597458.200 years
 e20      was hit by p202     at      607494.232 years
 e28      was hit by p295     at      623609.466 years
 e15      was hit by p228     at      630606.597 years
 e06      was hit by e09      at      658227.637 years
 e28      was hit by p307     at      787416.363 years
 e29      was hit by p296     at      950217.740 years
 e20      was hit by p267     at     1081577.135 years
 e28      was hit by e29      at     1554696.824 years
 e28      was hit by p278     at     1560383.037 years
 e20      was hit by e15      at     1585996.321 years
 e25      was hit by e22      at     1839461.542 years
 e28      was hit by e23      at     1930916.835 years
 e30      was hit by p293     at     1942538.696 years
 e28      was hit by p251     at     2237806.935 years
 e28      was hit by p304     at     2395428.951 years
 e28      was hit by p260     at     2475898.823 years
 e28      was hit by p250     at     2525627.108 years
 e25      was hit by p255     at     2530540.364 years
 e30      was hit by p300     at     3107839.523 years
 e28      was hit by p261     at     3212484.947 years
 e28      was hit by p270     at     3250128.038 years
 e25      was hit by p246     at     3551236.105 years
 e06      was hit by e10      at     3777177.519 years
 e28      was hit by p258     at     4126296.182 years
 e28      was hit by p303     at     4579622.612 years
 e30      was hit by p283     at     4969386.915 years
 e28      was hit by p298     at     5036603.915 years

   Continuing integration from dump files at      5163082.1355236 years

 e28      was hit by p280     at     6253361.383 years
 e13      was hit by p197     at     8827886.058 years
 e28      was hit by p290     at     9841348.339 years

   Integration complete.

   Fractional energy change due to integrator:   4.30579E-05
   Fractional angular momentum change:           4.15427E-09

   Fractional energy change due to collisions/ejections:  2.11675E-02
   Fractional angular momentum change:                    0.00000E+00

   Continuing integration from dump files at     10000000.0000000 years

 e28      was hit by p305     at    11079714.672 years
 e30      was hit by p309     at    13710602.788 years
 e28      was hit by p239     at    14345748.924 years
 e30      was hit by p237     at    14468183.527 years
 p275     ejected at   15219781.7932923 years
 e28      was hit by p259     at    22844300.737 years
 e28      was hit by p285     at    23010662.421 years
 e28      was hit by p273     at    23898761.099 years
 e28      was hit by p286     at    26347133.380 years
 e28      was hit by p289     at    32304853.469 years
 e30      was hit by p302     at    35669311.966 years
 e25      was hit by p308     at    46341102.575 years
 e25      was hit by p163     at    46956720.637 years
 p291     ejected at   87418588.9117043 years
